<?xml version="1.0" encoding="UTF-8"?>
<!-- Generated by org.testng.reporters.JUnitReportReporter -->
<testsuite hostname="Home_Laptop" name="testcases.LoginTestcase" tests="2" failures="0" timestamp="3 Jan 2018 15:04:33 GMT" time="81.607" errors="0">
  <testcase name="Login" time="77.906" classname="testcases.LoginTestcase"/>
  <testcase name="Launch_browser" time="3.701" classname="testcases.LoginTestcase"/>
</testsuite> <!-- testcases.LoginTestcase -->
