<?xml version="1.0" encoding="UTF-8"?>
<!-- Generated by org.testng.reporters.JUnitReportReporter -->
<testsuite hostname="Home_Laptop" name="testcases.WebElementTestcase" tests="2" failures="0" timestamp="3 Jan 2018 15:04:33 GMT" time="39.306" errors="0">
  <testcase name="WebElement" time="34.246" classname="testcases.WebElementTestcase"/>
  <testcase name="launch" time="5.060" classname="testcases.WebElementTestcase"/>
</testsuite> <!-- testcases.WebElementTestcase -->
